The system is: Linux - 3.19.8-200.fc21.x86_64 - x86_64
Compiling the C compiler identification source file "CMakeCCompilerId.c" succeeded.
Compiler: /home/bigraph/.local/bin/clang 
Build flags: 
Id flags: 

The output was:
0


Compilation of the C compiler identification source "CMakeCCompilerId.c" produced "a.out"

The C compiler identification is Clang, found in "/home/bigraph/Documents/Binsec/gforge/plateforme/src/pintools/trace-pin/build/CMakeFiles/3.0.2/CompilerIdC/a.out"

Compiling the CXX compiler identification source file "CMakeCXXCompilerId.cpp" succeeded.
Compiler: /home/bigraph/.local/bin/clang++ 
Build flags: 
Id flags: 

The output was:
0


Compilation of the CXX compiler identification source "CMakeCXXCompilerId.cpp" produced "a.out"

The CXX compiler identification is Clang, found in "/home/bigraph/Documents/Binsec/gforge/plateforme/src/pintools/trace-pin/build/CMakeFiles/3.0.2/CompilerIdCXX/a.out"

Determining if the C compiler works passed with the following output:
Change Dir: /home/bigraph/Documents/Binsec/gforge/plateforme/src/pintools/trace-pin/build/CMakeFiles/CMakeTmp

Run Build Command:"/bin/gmake" "cmTryCompileExec596682184/fast"
/bin/gmake -f CMakeFiles/cmTryCompileExec596682184.dir/build.make CMakeFiles/cmTryCompileExec596682184.dir/build
gmake[1]: Entering directory '/home/bigraph/Documents/Binsec/gforge/plateforme/src/pintools/trace-pin/build/CMakeFiles/CMakeTmp'
/usr/bin/cmake -E cmake_progress_report /home/bigraph/Documents/Binsec/gforge/plateforme/src/pintools/trace-pin/build/CMakeFiles/CMakeTmp/CMakeFiles 1
Building C object CMakeFiles/cmTryCompileExec596682184.dir/testCCompiler.c.o
/home/bigraph/.local/bin/clang    -o CMakeFiles/cmTryCompileExec596682184.dir/testCCompiler.c.o   -c /home/bigraph/Documents/Binsec/gforge/plateforme/src/pintools/trace-pin/build/CMakeFiles/CMakeTmp/testCCompiler.c
Linking C executable cmTryCompileExec596682184
/usr/bin/cmake -E cmake_link_script CMakeFiles/cmTryCompileExec596682184.dir/link.txt --verbose=1
/home/bigraph/.local/bin/clang       CMakeFiles/cmTryCompileExec596682184.dir/testCCompiler.c.o  -o cmTryCompileExec596682184 -rdynamic 
gmake[1]: Leaving directory '/home/bigraph/Documents/Binsec/gforge/plateforme/src/pintools/trace-pin/build/CMakeFiles/CMakeTmp'


Detecting C compiler ABI info compiled with the following output:
Change Dir: /home/bigraph/Documents/Binsec/gforge/plateforme/src/pintools/trace-pin/build/CMakeFiles/CMakeTmp

Run Build Command:"/bin/gmake" "cmTryCompileExec3825209259/fast"
/bin/gmake -f CMakeFiles/cmTryCompileExec3825209259.dir/build.make CMakeFiles/cmTryCompileExec3825209259.dir/build
gmake[1]: Entering directory '/home/bigraph/Documents/Binsec/gforge/plateforme/src/pintools/trace-pin/build/CMakeFiles/CMakeTmp'
/usr/bin/cmake -E cmake_progress_report /home/bigraph/Documents/Binsec/gforge/plateforme/src/pintools/trace-pin/build/CMakeFiles/CMakeTmp/CMakeFiles 1
Building C object CMakeFiles/cmTryCompileExec3825209259.dir/CMakeCCompilerABI.c.o
/home/bigraph/.local/bin/clang    -o CMakeFiles/cmTryCompileExec3825209259.dir/CMakeCCompilerABI.c.o   -c /usr/share/cmake/Modules/CMakeCCompilerABI.c
Linking C executable cmTryCompileExec3825209259
/usr/bin/cmake -E cmake_link_script CMakeFiles/cmTryCompileExec3825209259.dir/link.txt --verbose=1
/home/bigraph/.local/bin/clang     -v CMakeFiles/cmTryCompileExec3825209259.dir/CMakeCCompilerABI.c.o  -o cmTryCompileExec3825209259 -rdynamic  
clang version 3.7.0 (https://github.com/llvm-mirror/clang.git 40ed9998a7d52ef2869d6ca64410bbb302c848e6) (https://github.com/llvm-mirror/llvm.git 4bde0fa367b3abf7268748b51637431da5825136)
Target: x86_64-unknown-linux-gnu
Thread model: posix
Found candidate GCC installation: /usr/lib/gcc/x86_64-redhat-linux/4.9.2
Selected GCC installation: /usr/lib/gcc/x86_64-redhat-linux/4.9.2
Candidate multilib: .;@m64
Candidate multilib: 32;@m32
Selected multilib: .;@m64
 "/bin/ld" -export-dynamic --hash-style=gnu --no-add-needed --build-id --eh-frame-hdr -m elf_x86_64 -dynamic-linker /lib64/ld-linux-x86-64.so.2 -o cmTryCompileExec3825209259 /usr/lib/gcc/x86_64-redhat-linux/4.9.2/../../../../lib64/crt1.o /usr/lib/gcc/x86_64-redhat-linux/4.9.2/../../../../lib64/crti.o /usr/lib/gcc/x86_64-redhat-linux/4.9.2/crtbegin.o -L/usr/lib/gcc/x86_64-redhat-linux/4.9.2 -L/usr/lib/gcc/x86_64-redhat-linux/4.9.2/../../../../lib64 -L/home/bigraph/.local/bin/../lib64 -L/lib/../lib64 -L/usr/lib/../lib64 -L/usr/lib/gcc/x86_64-redhat-linux/4.9.2/../../.. -L/home/bigraph/.local/bin/../lib -L/lib -L/usr/lib CMakeFiles/cmTryCompileExec3825209259.dir/CMakeCCompilerABI.c.o -lgcc --as-needed -lgcc_s --no-as-needed -lc -lgcc --as-needed -lgcc_s --no-as-needed /usr/lib/gcc/x86_64-redhat-linux/4.9.2/crtend.o /usr/lib/gcc/x86_64-redhat-linux/4.9.2/../../../../lib64/crtn.o
gmake[1]: Leaving directory '/home/bigraph/Documents/Binsec/gforge/plateforme/src/pintools/trace-pin/build/CMakeFiles/CMakeTmp'


Parsed C implicit link information from above output:
  link line regex: [^( *|.*[/\])(ld|([^/\]+-)?ld|collect2)[^/\]*( |$)]
  ignore line: [Change Dir: /home/bigraph/Documents/Binsec/gforge/plateforme/src/pintools/trace-pin/build/CMakeFiles/CMakeTmp]
  ignore line: []
  ignore line: [Run Build Command:"/bin/gmake" "cmTryCompileExec3825209259/fast"]
  ignore line: [/bin/gmake -f CMakeFiles/cmTryCompileExec3825209259.dir/build.make CMakeFiles/cmTryCompileExec3825209259.dir/build]
  ignore line: [gmake[1]: Entering directory '/home/bigraph/Documents/Binsec/gforge/plateforme/src/pintools/trace-pin/build/CMakeFiles/CMakeTmp']
  ignore line: [/usr/bin/cmake -E cmake_progress_report /home/bigraph/Documents/Binsec/gforge/plateforme/src/pintools/trace-pin/build/CMakeFiles/CMakeTmp/CMakeFiles 1]
  ignore line: [Building C object CMakeFiles/cmTryCompileExec3825209259.dir/CMakeCCompilerABI.c.o]
  ignore line: [/home/bigraph/.local/bin/clang    -o CMakeFiles/cmTryCompileExec3825209259.dir/CMakeCCompilerABI.c.o   -c /usr/share/cmake/Modules/CMakeCCompilerABI.c]
  ignore line: [Linking C executable cmTryCompileExec3825209259]
  ignore line: [/usr/bin/cmake -E cmake_link_script CMakeFiles/cmTryCompileExec3825209259.dir/link.txt --verbose=1]
  ignore line: [/home/bigraph/.local/bin/clang     -v CMakeFiles/cmTryCompileExec3825209259.dir/CMakeCCompilerABI.c.o  -o cmTryCompileExec3825209259 -rdynamic  ]
  ignore line: [clang version 3.7.0 (https://github.com/llvm-mirror/clang.git 40ed9998a7d52ef2869d6ca64410bbb302c848e6) (https://github.com/llvm-mirror/llvm.git 4bde0fa367b3abf7268748b51637431da5825136)]
  ignore line: [Target: x86_64-unknown-linux-gnu]
  ignore line: [Thread model: posix]
  ignore line: [Found candidate GCC installation: /usr/lib/gcc/x86_64-redhat-linux/4.9.2]
  ignore line: [Selected GCC installation: /usr/lib/gcc/x86_64-redhat-linux/4.9.2]
  ignore line: [Candidate multilib: .]
  ignore line: [@m64]
  ignore line: [Candidate multilib: 32]
  ignore line: [@m32]
  ignore line: [Selected multilib: .]
  ignore line: [@m64]
  link line: [ "/bin/ld" -export-dynamic --hash-style=gnu --no-add-needed --build-id --eh-frame-hdr -m elf_x86_64 -dynamic-linker /lib64/ld-linux-x86-64.so.2 -o cmTryCompileExec3825209259 /usr/lib/gcc/x86_64-redhat-linux/4.9.2/../../../../lib64/crt1.o /usr/lib/gcc/x86_64-redhat-linux/4.9.2/../../../../lib64/crti.o /usr/lib/gcc/x86_64-redhat-linux/4.9.2/crtbegin.o -L/usr/lib/gcc/x86_64-redhat-linux/4.9.2 -L/usr/lib/gcc/x86_64-redhat-linux/4.9.2/../../../../lib64 -L/home/bigraph/.local/bin/../lib64 -L/lib/../lib64 -L/usr/lib/../lib64 -L/usr/lib/gcc/x86_64-redhat-linux/4.9.2/../../.. -L/home/bigraph/.local/bin/../lib -L/lib -L/usr/lib CMakeFiles/cmTryCompileExec3825209259.dir/CMakeCCompilerABI.c.o -lgcc --as-needed -lgcc_s --no-as-needed -lc -lgcc --as-needed -lgcc_s --no-as-needed /usr/lib/gcc/x86_64-redhat-linux/4.9.2/crtend.o /usr/lib/gcc/x86_64-redhat-linux/4.9.2/../../../../lib64/crtn.o]
    arg [/bin/ld] ==> ignore
    arg [-export-dynamic] ==> ignore
    arg [--hash-style=gnu] ==> ignore
    arg [--no-add-needed] ==> ignore
    arg [--build-id] ==> ignore
    arg [--eh-frame-hdr] ==> ignore
    arg [-m] ==> ignore
    arg [elf_x86_64] ==> ignore
    arg [-dynamic-linker] ==> ignore
    arg [/lib64/ld-linux-x86-64.so.2] ==> ignore
    arg [-o] ==> ignore
    arg [cmTryCompileExec3825209259] ==> ignore
    arg [/usr/lib/gcc/x86_64-redhat-linux/4.9.2/../../../../lib64/crt1.o] ==> ignore
    arg [/usr/lib/gcc/x86_64-redhat-linux/4.9.2/../../../../lib64/crti.o] ==> ignore
    arg [/usr/lib/gcc/x86_64-redhat-linux/4.9.2/crtbegin.o] ==> ignore
    arg [-L/usr/lib/gcc/x86_64-redhat-linux/4.9.2] ==> dir [/usr/lib/gcc/x86_64-redhat-linux/4.9.2]
    arg [-L/usr/lib/gcc/x86_64-redhat-linux/4.9.2/../../../../lib64] ==> dir [/usr/lib/gcc/x86_64-redhat-linux/4.9.2/../../../../lib64]
    arg [-L/home/bigraph/.local/bin/../lib64] ==> dir [/home/bigraph/.local/bin/../lib64]
    arg [-L/lib/../lib64] ==> dir [/lib/../lib64]
    arg [-L/usr/lib/../lib64] ==> dir [/usr/lib/../lib64]
    arg [-L/usr/lib/gcc/x86_64-redhat-linux/4.9.2/../../..] ==> dir [/usr/lib/gcc/x86_64-redhat-linux/4.9.2/../../..]
    arg [-L/home/bigraph/.local/bin/../lib] ==> dir [/home/bigraph/.local/bin/../lib]
    arg [-L/lib] ==> dir [/lib]
    arg [-L/usr/lib] ==> dir [/usr/lib]
    arg [CMakeFiles/cmTryCompileExec3825209259.dir/CMakeCCompilerABI.c.o] ==> ignore
    arg [-lgcc] ==> lib [gcc]
    arg [--as-needed] ==> ignore
    arg [-lgcc_s] ==> lib [gcc_s]
    arg [--no-as-needed] ==> ignore
    arg [-lc] ==> lib [c]
    arg [-lgcc] ==> lib [gcc]
    arg [--as-needed] ==> ignore
    arg [-lgcc_s] ==> lib [gcc_s]
    arg [--no-as-needed] ==> ignore
    arg [/usr/lib/gcc/x86_64-redhat-linux/4.9.2/crtend.o] ==> ignore
    arg [/usr/lib/gcc/x86_64-redhat-linux/4.9.2/../../../../lib64/crtn.o] ==> ignore
  remove lib [gcc]
  remove lib [gcc_s]
  remove lib [gcc]
  remove lib [gcc_s]
  collapse library dir [/usr/lib/gcc/x86_64-redhat-linux/4.9.2] ==> [/usr/lib/gcc/x86_64-redhat-linux/4.9.2]
  collapse library dir [/usr/lib/gcc/x86_64-redhat-linux/4.9.2/../../../../lib64] ==> [/usr/lib64]
  collapse library dir [/home/bigraph/.local/bin/../lib64] ==> [/home/bigraph/.local/lib64]
  collapse library dir [/lib/../lib64] ==> [/lib64]
  collapse library dir [/usr/lib/../lib64] ==> [/usr/lib64]
  collapse library dir [/usr/lib/gcc/x86_64-redhat-linux/4.9.2/../../..] ==> [/usr/lib]
  collapse library dir [/home/bigraph/.local/bin/../lib] ==> [/home/bigraph/.local/lib]
  collapse library dir [/lib] ==> [/lib]
  collapse library dir [/usr/lib] ==> [/usr/lib]
  implicit libs: [c]
  implicit dirs: [/usr/lib/gcc/x86_64-redhat-linux/4.9.2;/usr/lib64;/home/bigraph/.local/lib64;/lib64;/usr/lib;/home/bigraph/.local/lib;/lib]
  implicit fwks: []


Determining if the CXX compiler works passed with the following output:
Change Dir: /home/bigraph/Documents/Binsec/gforge/plateforme/src/pintools/trace-pin/build/CMakeFiles/CMakeTmp

Run Build Command:"/bin/gmake" "cmTryCompileExec753776219/fast"
/bin/gmake -f CMakeFiles/cmTryCompileExec753776219.dir/build.make CMakeFiles/cmTryCompileExec753776219.dir/build
gmake[1]: Entering directory '/home/bigraph/Documents/Binsec/gforge/plateforme/src/pintools/trace-pin/build/CMakeFiles/CMakeTmp'
/usr/bin/cmake -E cmake_progress_report /home/bigraph/Documents/Binsec/gforge/plateforme/src/pintools/trace-pin/build/CMakeFiles/CMakeTmp/CMakeFiles 1
Building CXX object CMakeFiles/cmTryCompileExec753776219.dir/testCXXCompiler.cxx.o
/home/bigraph/.local/bin/clang++     -o CMakeFiles/cmTryCompileExec753776219.dir/testCXXCompiler.cxx.o -c /home/bigraph/Documents/Binsec/gforge/plateforme/src/pintools/trace-pin/build/CMakeFiles/CMakeTmp/testCXXCompiler.cxx
Linking CXX executable cmTryCompileExec753776219
/usr/bin/cmake -E cmake_link_script CMakeFiles/cmTryCompileExec753776219.dir/link.txt --verbose=1
/home/bigraph/.local/bin/clang++        CMakeFiles/cmTryCompileExec753776219.dir/testCXXCompiler.cxx.o  -o cmTryCompileExec753776219 -rdynamic 
gmake[1]: Leaving directory '/home/bigraph/Documents/Binsec/gforge/plateforme/src/pintools/trace-pin/build/CMakeFiles/CMakeTmp'


Detecting CXX compiler ABI info compiled with the following output:
Change Dir: /home/bigraph/Documents/Binsec/gforge/plateforme/src/pintools/trace-pin/build/CMakeFiles/CMakeTmp

Run Build Command:"/bin/gmake" "cmTryCompileExec681458681/fast"
/bin/gmake -f CMakeFiles/cmTryCompileExec681458681.dir/build.make CMakeFiles/cmTryCompileExec681458681.dir/build
gmake[1]: Entering directory '/home/bigraph/Documents/Binsec/gforge/plateforme/src/pintools/trace-pin/build/CMakeFiles/CMakeTmp'
/usr/bin/cmake -E cmake_progress_report /home/bigraph/Documents/Binsec/gforge/plateforme/src/pintools/trace-pin/build/CMakeFiles/CMakeTmp/CMakeFiles 1
Building CXX object CMakeFiles/cmTryCompileExec681458681.dir/CMakeCXXCompilerABI.cpp.o
/home/bigraph/.local/bin/clang++     -o CMakeFiles/cmTryCompileExec681458681.dir/CMakeCXXCompilerABI.cpp.o -c /usr/share/cmake/Modules/CMakeCXXCompilerABI.cpp
Linking CXX executable cmTryCompileExec681458681
/usr/bin/cmake -E cmake_link_script CMakeFiles/cmTryCompileExec681458681.dir/link.txt --verbose=1
/home/bigraph/.local/bin/clang++      -v CMakeFiles/cmTryCompileExec681458681.dir/CMakeCXXCompilerABI.cpp.o  -o cmTryCompileExec681458681 -rdynamic  
clang version 3.7.0 (https://github.com/llvm-mirror/clang.git 40ed9998a7d52ef2869d6ca64410bbb302c848e6) (https://github.com/llvm-mirror/llvm.git 4bde0fa367b3abf7268748b51637431da5825136)
Target: x86_64-unknown-linux-gnu
Thread model: posix
Found candidate GCC installation: /usr/lib/gcc/x86_64-redhat-linux/4.9.2
Selected GCC installation: /usr/lib/gcc/x86_64-redhat-linux/4.9.2
Candidate multilib: .;@m64
Candidate multilib: 32;@m32
Selected multilib: .;@m64
 "/bin/ld" -export-dynamic --hash-style=gnu --no-add-needed --build-id --eh-frame-hdr -m elf_x86_64 -dynamic-linker /lib64/ld-linux-x86-64.so.2 -o cmTryCompileExec681458681 /usr/lib/gcc/x86_64-redhat-linux/4.9.2/../../../../lib64/crt1.o /usr/lib/gcc/x86_64-redhat-linux/4.9.2/../../../../lib64/crti.o /usr/lib/gcc/x86_64-redhat-linux/4.9.2/crtbegin.o -L/usr/lib/gcc/x86_64-redhat-linux/4.9.2 -L/usr/lib/gcc/x86_64-redhat-linux/4.9.2/../../../../lib64 -L/home/bigraph/.local/bin/../lib64 -L/lib/../lib64 -L/usr/lib/../lib64 -L/usr/lib/gcc/x86_64-redhat-linux/4.9.2/../../.. -L/home/bigraph/.local/bin/../lib -L/lib -L/usr/lib CMakeFiles/cmTryCompileExec681458681.dir/CMakeCXXCompilerABI.cpp.o -lstdc++ -lm -lgcc_s -lgcc -lc -lgcc_s -lgcc /usr/lib/gcc/x86_64-redhat-linux/4.9.2/crtend.o /usr/lib/gcc/x86_64-redhat-linux/4.9.2/../../../../lib64/crtn.o
gmake[1]: Leaving directory '/home/bigraph/Documents/Binsec/gforge/plateforme/src/pintools/trace-pin/build/CMakeFiles/CMakeTmp'


Parsed CXX implicit link information from above output:
  link line regex: [^( *|.*[/\])(ld|([^/\]+-)?ld|collect2)[^/\]*( |$)]
  ignore line: [Change Dir: /home/bigraph/Documents/Binsec/gforge/plateforme/src/pintools/trace-pin/build/CMakeFiles/CMakeTmp]
  ignore line: []
  ignore line: [Run Build Command:"/bin/gmake" "cmTryCompileExec681458681/fast"]
  ignore line: [/bin/gmake -f CMakeFiles/cmTryCompileExec681458681.dir/build.make CMakeFiles/cmTryCompileExec681458681.dir/build]
  ignore line: [gmake[1]: Entering directory '/home/bigraph/Documents/Binsec/gforge/plateforme/src/pintools/trace-pin/build/CMakeFiles/CMakeTmp']
  ignore line: [/usr/bin/cmake -E cmake_progress_report /home/bigraph/Documents/Binsec/gforge/plateforme/src/pintools/trace-pin/build/CMakeFiles/CMakeTmp/CMakeFiles 1]
  ignore line: [Building CXX object CMakeFiles/cmTryCompileExec681458681.dir/CMakeCXXCompilerABI.cpp.o]
  ignore line: [/home/bigraph/.local/bin/clang++     -o CMakeFiles/cmTryCompileExec681458681.dir/CMakeCXXCompilerABI.cpp.o -c /usr/share/cmake/Modules/CMakeCXXCompilerABI.cpp]
  ignore line: [Linking CXX executable cmTryCompileExec681458681]
  ignore line: [/usr/bin/cmake -E cmake_link_script CMakeFiles/cmTryCompileExec681458681.dir/link.txt --verbose=1]
  ignore line: [/home/bigraph/.local/bin/clang++      -v CMakeFiles/cmTryCompileExec681458681.dir/CMakeCXXCompilerABI.cpp.o  -o cmTryCompileExec681458681 -rdynamic  ]
  ignore line: [clang version 3.7.0 (https://github.com/llvm-mirror/clang.git 40ed9998a7d52ef2869d6ca64410bbb302c848e6) (https://github.com/llvm-mirror/llvm.git 4bde0fa367b3abf7268748b51637431da5825136)]
  ignore line: [Target: x86_64-unknown-linux-gnu]
  ignore line: [Thread model: posix]
  ignore line: [Found candidate GCC installation: /usr/lib/gcc/x86_64-redhat-linux/4.9.2]
  ignore line: [Selected GCC installation: /usr/lib/gcc/x86_64-redhat-linux/4.9.2]
  ignore line: [Candidate multilib: .]
  ignore line: [@m64]
  ignore line: [Candidate multilib: 32]
  ignore line: [@m32]
  ignore line: [Selected multilib: .]
  ignore line: [@m64]
  link line: [ "/bin/ld" -export-dynamic --hash-style=gnu --no-add-needed --build-id --eh-frame-hdr -m elf_x86_64 -dynamic-linker /lib64/ld-linux-x86-64.so.2 -o cmTryCompileExec681458681 /usr/lib/gcc/x86_64-redhat-linux/4.9.2/../../../../lib64/crt1.o /usr/lib/gcc/x86_64-redhat-linux/4.9.2/../../../../lib64/crti.o /usr/lib/gcc/x86_64-redhat-linux/4.9.2/crtbegin.o -L/usr/lib/gcc/x86_64-redhat-linux/4.9.2 -L/usr/lib/gcc/x86_64-redhat-linux/4.9.2/../../../../lib64 -L/home/bigraph/.local/bin/../lib64 -L/lib/../lib64 -L/usr/lib/../lib64 -L/usr/lib/gcc/x86_64-redhat-linux/4.9.2/../../.. -L/home/bigraph/.local/bin/../lib -L/lib -L/usr/lib CMakeFiles/cmTryCompileExec681458681.dir/CMakeCXXCompilerABI.cpp.o -lstdc++ -lm -lgcc_s -lgcc -lc -lgcc_s -lgcc /usr/lib/gcc/x86_64-redhat-linux/4.9.2/crtend.o /usr/lib/gcc/x86_64-redhat-linux/4.9.2/../../../../lib64/crtn.o]
    arg [/bin/ld] ==> ignore
    arg [-export-dynamic] ==> ignore
    arg [--hash-style=gnu] ==> ignore
    arg [--no-add-needed] ==> ignore
    arg [--build-id] ==> ignore
    arg [--eh-frame-hdr] ==> ignore
    arg [-m] ==> ignore
    arg [elf_x86_64] ==> ignore
    arg [-dynamic-linker] ==> ignore
    arg [/lib64/ld-linux-x86-64.so.2] ==> ignore
    arg [-o] ==> ignore
    arg [cmTryCompileExec681458681] ==> ignore
    arg [/usr/lib/gcc/x86_64-redhat-linux/4.9.2/../../../../lib64/crt1.o] ==> ignore
    arg [/usr/lib/gcc/x86_64-redhat-linux/4.9.2/../../../../lib64/crti.o] ==> ignore
    arg [/usr/lib/gcc/x86_64-redhat-linux/4.9.2/crtbegin.o] ==> ignore
    arg [-L/usr/lib/gcc/x86_64-redhat-linux/4.9.2] ==> dir [/usr/lib/gcc/x86_64-redhat-linux/4.9.2]
    arg [-L/usr/lib/gcc/x86_64-redhat-linux/4.9.2/../../../../lib64] ==> dir [/usr/lib/gcc/x86_64-redhat-linux/4.9.2/../../../../lib64]
    arg [-L/home/bigraph/.local/bin/../lib64] ==> dir [/home/bigraph/.local/bin/../lib64]
    arg [-L/lib/../lib64] ==> dir [/lib/../lib64]
    arg [-L/usr/lib/../lib64] ==> dir [/usr/lib/../lib64]
    arg [-L/usr/lib/gcc/x86_64-redhat-linux/4.9.2/../../..] ==> dir [/usr/lib/gcc/x86_64-redhat-linux/4.9.2/../../..]
    arg [-L/home/bigraph/.local/bin/../lib] ==> dir [/home/bigraph/.local/bin/../lib]
    arg [-L/lib] ==> dir [/lib]
    arg [-L/usr/lib] ==> dir [/usr/lib]
    arg [CMakeFiles/cmTryCompileExec681458681.dir/CMakeCXXCompilerABI.cpp.o] ==> ignore
    arg [-lstdc++] ==> lib [stdc++]
    arg [-lm] ==> lib [m]
    arg [-lgcc_s] ==> lib [gcc_s]
    arg [-lgcc] ==> lib [gcc]
    arg [-lc] ==> lib [c]
    arg [-lgcc_s] ==> lib [gcc_s]
    arg [-lgcc] ==> lib [gcc]
    arg [/usr/lib/gcc/x86_64-redhat-linux/4.9.2/crtend.o] ==> ignore
    arg [/usr/lib/gcc/x86_64-redhat-linux/4.9.2/../../../../lib64/crtn.o] ==> ignore
  remove lib [gcc_s]
  remove lib [gcc]
  remove lib [gcc_s]
  remove lib [gcc]
  collapse library dir [/usr/lib/gcc/x86_64-redhat-linux/4.9.2] ==> [/usr/lib/gcc/x86_64-redhat-linux/4.9.2]
  collapse library dir [/usr/lib/gcc/x86_64-redhat-linux/4.9.2/../../../../lib64] ==> [/usr/lib64]
  collapse library dir [/home/bigraph/.local/bin/../lib64] ==> [/home/bigraph/.local/lib64]
  collapse library dir [/lib/../lib64] ==> [/lib64]
  collapse library dir [/usr/lib/../lib64] ==> [/usr/lib64]
  collapse library dir [/usr/lib/gcc/x86_64-redhat-linux/4.9.2/../../..] ==> [/usr/lib]
  collapse library dir [/home/bigraph/.local/bin/../lib] ==> [/home/bigraph/.local/lib]
  collapse library dir [/lib] ==> [/lib]
  collapse library dir [/usr/lib] ==> [/usr/lib]
  implicit libs: [stdc++;m;c]
  implicit dirs: [/usr/lib/gcc/x86_64-redhat-linux/4.9.2;/usr/lib64;/home/bigraph/.local/lib64;/lib64;/usr/lib;/home/bigraph/.local/lib;/lib]
  implicit fwks: []


